
> photocon@0.1.0 build
> next build

▲ Next.js 16.1.6 (Turbopack)

  Creating an optimized production build ...
✓ Compiled successfully in 60s
  Running TypeScript ...
Failed to compile.

.next/dev/types/validator.ts:53:39
Type error: Cannot find module '../../../app/(tools)/compress-image/page.js' or its corresponding type declarations.

[0m [90m 51 |[39m {
 [90m 52 |[39m   type __IsExpected[33m<[39m[33mSpecific[39m [36mextends[39m [33mAppPageConfig[39m[33m<[39m[32m"/compress-image"[39m[33m>>[39m [33m=[39m [33mSpecific[39m
[31m[1m>[22m[39m[90m 53 |[39m   [36mconst[39m handler [33m=[39m {} [36mas[39m [36mtypeof[39m [36mimport[39m([32m"../../../app/(tools)/compress-image/page.js"[39m)
 [90m    |[39m                                       [31m[1m^[22m[39m
 [90m 54 |[39m   type __Check [33m=[39m __IsExpected[33m<[39m[36mtypeof[39m handler[33m>[39m
 [90m 55 |[39m   [90m// @ts-ignore[39m
 [90m 56 |[39m   type __Unused [33m=[39m __Check[0m
Next.js build worker exited with code: 1 and signal: null
npm notice
npm notice New minor version of npm available! 11.5.1 -> 11.10.0
npm notice Changelog: https://github.com/npm/cli/releases/tag/v11.10.0
npm notice To update run: npm install -g npm@11.10.0
npm notice
