
> photocon@0.1.0 build
> next build

▲ Next.js 16.1.6 (Turbopack)

  Creating an optimized production build ...
✓ Compiled successfully in 4.3s
  Running TypeScript ...
  Collecting page data using 11 workers ...
  Generating static pages using 11 workers (0/14) ...
  Generating static pages using 11 workers (3/14) 
  Generating static pages using 11 workers (6/14) 
  Generating static pages using 11 workers (10/14) 
✓ Generating static pages using 11 workers (14/14) in 840.6ms
  Finalizing page optimization ...

Route (app)
┌ ○ /
├ ○ /_not-found
├ ƒ /api/convert/pdf-to-image
├ ○ /compress-image
├ ○ /converter
├ ○ /crop-image
├ ○ /flip-image
├ ○ /pdf-to-image
├ ○ /resize-image
├ ○ /rotate-image
├ ○ /split-image
└ ○ /tools


○  (Static)   prerendered as static content
ƒ  (Dynamic)  server-rendered on demand

